<?xml version="1.0" encoding="UTF-8"?>
<testsuite xmlns:xsi="http://www.w3.org/2001/XMLSchema-instance" xsi:noNamespaceSchemaLocation="https://maven.apache.org/surefire/maven-surefire-plugin/xsd/surefire-test-report.xsd" name="TestSuite" time="388.131" tests="28" errors="0" skipped="0" failures="0">
  <properties>
    <property name="sun.desktop" value="windows"/>
    <property name="awt.toolkit" value="sun.awt.windows.WToolkit"/>
    <property name="java.specification.version" value="11"/>
    <property name="sun.cpu.isalist" value="amd64"/>
    <property name="sun.jnu.encoding" value="Cp1251"/>
    <property name="java.class.path" value="C:\Users\Public\Java\QADiplomChapterThree\Diplom_3\target\test-classes;C:\Users\Public\Java\QADiplomChapterThree\Diplom_3\target\classes;C:\Users\Алексей\.m2\repository\io\qameta\allure\allure-junit4\2.15.0\allure-junit4-2.15.0.jar;C:\Users\Алексей\.m2\repository\io\qameta\allure\allure-java-commons\2.15.0\allure-java-commons-2.15.0.jar;C:\Users\Алексей\.m2\repository\io\qameta\allure\allure-model\2.15.0\allure-model-2.15.0.jar;C:\Users\Алексей\.m2\repository\io\qameta\allure\allure-rest-assured\2.15.0\allure-rest-assured-2.15.0.jar;C:\Users\Алексей\.m2\repository\io\qameta\allure\allure-attachments\2.15.0\allure-attachments-2.15.0.jar;C:\Users\Алексей\.m2\repository\org\freemarker\freemarker\2.3.31\freemarker-2.3.31.jar;C:\Users\Алексей\.m2\repository\io\rest-assured\rest-assured\4.4.0\rest-assured-4.4.0.jar;C:\Users\Алексей\.m2\repository\org\codehaus\groovy\groovy\3.0.8\groovy-3.0.8.jar;C:\Users\Алексей\.m2\repository\org\codehaus\groovy\groovy-xml\3.0.8\groovy-xml-3.0.8.jar;C:\Users\Алексей\.m2\repository\org\apache\httpcomponents\httpclient\4.5.13\httpclient-4.5.13.jar;C:\Users\Алексей\.m2\repository\org\apache\httpcomponents\httpcore\4.4.13\httpcore-4.4.13.jar;C:\Users\Алексей\.m2\repository\commons-logging\commons-logging\1.2\commons-logging-1.2.jar;C:\Users\Алексей\.m2\repository\org\apache\httpcomponents\httpmime\4.5.13\httpmime-4.5.13.jar;C:\Users\Алексей\.m2\repository\org\hamcrest\hamcrest\2.1\hamcrest-2.1.jar;C:\Users\Алексей\.m2\repository\org\ccil\cowan\tagsoup\tagsoup\1.2.1\tagsoup-1.2.1.jar;C:\Users\Алексей\.m2\repository\io\rest-assured\json-path\4.4.0\json-path-4.4.0.jar;C:\Users\Алексей\.m2\repository\org\codehaus\groovy\groovy-json\3.0.8\groovy-json-3.0.8.jar;C:\Users\Алексей\.m2\repository\io\rest-assured\rest-assured-common\4.4.0\rest-assured-common-4.4.0.jar;C:\Users\Алексей\.m2\repository\io\rest-assured\xml-path\4.4.0\xml-path-4.4.0.jar;C:\Users\Алексей\.m2\repository\jakarta\xml\bind\jakarta.xml.bind-api\2.3.3\jakarta.xml.bind-api-2.3.3.jar;C:\Users\Алексей\.m2\repository\jakarta\activation\jakarta.activation-api\1.2.2\jakarta.activation-api-1.2.2.jar;C:\Users\Алексей\.m2\repository\com\sun\xml\bind\jaxb-impl\2.3.3\jaxb-impl-2.3.3.jar;C:\Users\Алексей\.m2\repository\org\seleniumhq\selenium\selenium-java\3.141.59\selenium-java-3.141.59.jar;C:\Users\Алексей\.m2\repository\org\seleniumhq\selenium\selenium-api\3.141.59\selenium-api-3.141.59.jar;C:\Users\Алексей\.m2\repository\org\seleniumhq\selenium\selenium-chrome-driver\3.141.59\selenium-chrome-driver-3.141.59.jar;C:\Users\Алексей\.m2\repository\org\seleniumhq\selenium\selenium-edge-driver\3.141.59\selenium-edge-driver-3.141.59.jar;C:\Users\Алексей\.m2\repository\org\seleniumhq\selenium\selenium-firefox-driver\3.141.59\selenium-firefox-driver-3.141.59.jar;C:\Users\Алексей\.m2\repository\org\seleniumhq\selenium\selenium-ie-driver\3.141.59\selenium-ie-driver-3.141.59.jar;C:\Users\Алексей\.m2\repository\org\seleniumhq\selenium\selenium-opera-driver\3.141.59\selenium-opera-driver-3.141.59.jar;C:\Users\Алексей\.m2\repository\org\seleniumhq\selenium\selenium-remote-driver\3.141.59\selenium-remote-driver-3.141.59.jar;C:\Users\Алексей\.m2\repository\org\seleniumhq\selenium\selenium-safari-driver\3.141.59\selenium-safari-driver-3.141.59.jar;C:\Users\Алексей\.m2\repository\org\seleniumhq\selenium\selenium-support\3.141.59\selenium-support-3.141.59.jar;C:\Users\Алексей\.m2\repository\net\bytebuddy\byte-buddy\1.8.15\byte-buddy-1.8.15.jar;C:\Users\Алексей\.m2\repository\org\apache\commons\commons-exec\1.3\commons-exec-1.3.jar;C:\Users\Алексей\.m2\repository\com\google\guava\guava\25.0-jre\guava-25.0-jre.jar;C:\Users\Алексей\.m2\repository\org\checkerframework\checker-compat-qual\2.0.0\checker-compat-qual-2.0.0.jar;C:\Users\Алексей\.m2\repository\com\google\errorprone\error_prone_annotations\2.1.3\error_prone_annotations-2.1.3.jar;C:\Users\Алексей\.m2\repository\com\google\j2objc\j2objc-annotations\1.1\j2objc-annotations-1.1.jar;C:\Users\Алексей\.m2\repository\org\codehaus\mojo\animal-sniffer-annotations\1.14\animal-sniffer-annotations-1.14.jar;C:\Users\Алексей\.m2\repository\com\squareup\okhttp3\okhttp\3.11.0\okhttp-3.11.0.jar;C:\Users\Алексей\.m2\repository\com\squareup\okio\okio\1.14.0\okio-1.14.0.jar;C:\Users\Алексей\.m2\repository\io\github\bonigarcia\webdrivermanager\4.4.3\webdrivermanager-4.4.3.jar;C:\Users\Алексей\.m2\repository\org\slf4j\slf4j-api\1.7.30\slf4j-api-1.7.30.jar;C:\Users\Алексей\.m2\repository\commons-io\commons-io\2.8.0\commons-io-2.8.0.jar;C:\Users\Алексей\.m2\repository\com\google\code\gson\gson\2.8.6\gson-2.8.6.jar;C:\Users\Алексей\.m2\repository\org\apache\commons\commons-lang3\3.12.0\commons-lang3-3.12.0.jar;C:\Users\Алексей\.m2\repository\org\apache\httpcomponents\client5\httpclient5\5.0.3\httpclient5-5.0.3.jar;C:\Users\Алексей\.m2\repository\org\apache\httpcomponents\core5\httpcore5\5.0.2\httpcore5-5.0.2.jar;C:\Users\Алексей\.m2\repository\org\apache\httpcomponents\core5\httpcore5-h2\5.0.2\httpcore5-h2-5.0.2.jar;C:\Users\Алексей\.m2\repository\commons-codec\commons-codec\1.13\commons-codec-1.13.jar;C:\Users\Алексей\.m2\repository\org\rauschig\jarchivelib\1.1.0\jarchivelib-1.1.0.jar;C:\Users\Алексей\.m2\repository\org\apache\commons\commons-compress\1.20\commons-compress-1.20.jar;C:\Users\Алексей\.m2\repository\org\jsoup\jsoup\1.13.1\jsoup-1.13.1.jar;C:\Users\Алексей\.m2\repository\junit\junit\4.13.2\junit-4.13.2.jar;C:\Users\Алексей\.m2\repository\org\testng\testng\7.5\testng-7.5.jar;C:\Users\Алексей\.m2\repository\com\google\code\findbugs\jsr305\3.0.1\jsr305-3.0.1.jar;C:\Users\Алексей\.m2\repository\com\beust\jcommander\1.78\jcommander-1.78.jar;C:\Users\Алексей\.m2\repository\org\webjars\jquery\3.5.1\jquery-3.5.1.jar;C:\Users\Алексей\.m2\repository\org\hamcrest\hamcrest-core\1.3\hamcrest-core-1.3.jar;"/>
    <property name="java.vm.vendor" value="Amazon.com Inc."/>
    <property name="sun.arch.data.model" value="64"/>
    <property name="user.variant" value=""/>
    <property name="java.vendor.url" value="https://aws.amazon.com/corretto/"/>
    <property name="user.timezone" value="Europe/Moscow"/>
    <property name="java.vm.specification.version" value="11"/>
    <property name="os.name" value="Windows 10"/>
    <property name="sun.java.launcher" value="SUN_STANDARD"/>
    <property name="user.country" value="RU"/>
    <property name="sun.boot.library.path" value="C:\Program Files\Amazon Corretto\jdk11.0.13_8\bin"/>
    <property name="sun.java.command" value="C:\Users\CD86~1\AppData\Local\Temp\surefire6140555032813407033\surefirebooter764272026461159739.jar C:\Users\Алексей\AppData\Local\Temp\surefire6140555032813407033 2022-12-15T15-02-43_598-jvmRun1 surefire4782817847663898486tmp surefire_010135858063805439799tmp"/>
    <property name="jdk.debug" value="release"/>
    <property name="surefire.test.class.path" value="C:\Users\Public\Java\QADiplomChapterThree\Diplom_3\target\test-classes;C:\Users\Public\Java\QADiplomChapterThree\Diplom_3\target\classes;C:\Users\Алексей\.m2\repository\io\qameta\allure\allure-junit4\2.15.0\allure-junit4-2.15.0.jar;C:\Users\Алексей\.m2\repository\io\qameta\allure\allure-java-commons\2.15.0\allure-java-commons-2.15.0.jar;C:\Users\Алексей\.m2\repository\io\qameta\allure\allure-model\2.15.0\allure-model-2.15.0.jar;C:\Users\Алексей\.m2\repository\io\qameta\allure\allure-rest-assured\2.15.0\allure-rest-assured-2.15.0.jar;C:\Users\Алексей\.m2\repository\io\qameta\allure\allure-attachments\2.15.0\allure-attachments-2.15.0.jar;C:\Users\Алексей\.m2\repository\org\freemarker\freemarker\2.3.31\freemarker-2.3.31.jar;C:\Users\Алексей\.m2\repository\io\rest-assured\rest-assured\4.4.0\rest-assured-4.4.0.jar;C:\Users\Алексей\.m2\repository\org\codehaus\groovy\groovy\3.0.8\groovy-3.0.8.jar;C:\Users\Алексей\.m2\repository\org\codehaus\groovy\groovy-xml\3.0.8\groovy-xml-3.0.8.jar;C:\Users\Алексей\.m2\repository\org\apache\httpcomponents\httpclient\4.5.13\httpclient-4.5.13.jar;C:\Users\Алексей\.m2\repository\org\apache\httpcomponents\httpcore\4.4.13\httpcore-4.4.13.jar;C:\Users\Алексей\.m2\repository\commons-logging\commons-logging\1.2\commons-logging-1.2.jar;C:\Users\Алексей\.m2\repository\org\apache\httpcomponents\httpmime\4.5.13\httpmime-4.5.13.jar;C:\Users\Алексей\.m2\repository\org\hamcrest\hamcrest\2.1\hamcrest-2.1.jar;C:\Users\Алексей\.m2\repository\org\ccil\cowan\tagsoup\tagsoup\1.2.1\tagsoup-1.2.1.jar;C:\Users\Алексей\.m2\repository\io\rest-assured\json-path\4.4.0\json-path-4.4.0.jar;C:\Users\Алексей\.m2\repository\org\codehaus\groovy\groovy-json\3.0.8\groovy-json-3.0.8.jar;C:\Users\Алексей\.m2\repository\io\rest-assured\rest-assured-common\4.4.0\rest-assured-common-4.4.0.jar;C:\Users\Алексей\.m2\repository\io\rest-assured\xml-path\4.4.0\xml-path-4.4.0.jar;C:\Users\Алексей\.m2\repository\jakarta\xml\bind\jakarta.xml.bind-api\2.3.3\jakarta.xml.bind-api-2.3.3.jar;C:\Users\Алексей\.m2\repository\jakarta\activation\jakarta.activation-api\1.2.2\jakarta.activation-api-1.2.2.jar;C:\Users\Алексей\.m2\repository\com\sun\xml\bind\jaxb-impl\2.3.3\jaxb-impl-2.3.3.jar;C:\Users\Алексей\.m2\repository\org\seleniumhq\selenium\selenium-java\3.141.59\selenium-java-3.141.59.jar;C:\Users\Алексей\.m2\repository\org\seleniumhq\selenium\selenium-api\3.141.59\selenium-api-3.141.59.jar;C:\Users\Алексей\.m2\repository\org\seleniumhq\selenium\selenium-chrome-driver\3.141.59\selenium-chrome-driver-3.141.59.jar;C:\Users\Алексей\.m2\repository\org\seleniumhq\selenium\selenium-edge-driver\3.141.59\selenium-edge-driver-3.141.59.jar;C:\Users\Алексей\.m2\repository\org\seleniumhq\selenium\selenium-firefox-driver\3.141.59\selenium-firefox-driver-3.141.59.jar;C:\Users\Алексей\.m2\repository\org\seleniumhq\selenium\selenium-ie-driver\3.141.59\selenium-ie-driver-3.141.59.jar;C:\Users\Алексей\.m2\repository\org\seleniumhq\selenium\selenium-opera-driver\3.141.59\selenium-opera-driver-3.141.59.jar;C:\Users\Алексей\.m2\repository\org\seleniumhq\selenium\selenium-remote-driver\3.141.59\selenium-remote-driver-3.141.59.jar;C:\Users\Алексей\.m2\repository\org\seleniumhq\selenium\selenium-safari-driver\3.141.59\selenium-safari-driver-3.141.59.jar;C:\Users\Алексей\.m2\repository\org\seleniumhq\selenium\selenium-support\3.141.59\selenium-support-3.141.59.jar;C:\Users\Алексей\.m2\repository\net\bytebuddy\byte-buddy\1.8.15\byte-buddy-1.8.15.jar;C:\Users\Алексей\.m2\repository\org\apache\commons\commons-exec\1.3\commons-exec-1.3.jar;C:\Users\Алексей\.m2\repository\com\google\guava\guava\25.0-jre\guava-25.0-jre.jar;C:\Users\Алексей\.m2\repository\org\checkerframework\checker-compat-qual\2.0.0\checker-compat-qual-2.0.0.jar;C:\Users\Алексей\.m2\repository\com\google\errorprone\error_prone_annotations\2.1.3\error_prone_annotations-2.1.3.jar;C:\Users\Алексей\.m2\repository\com\google\j2objc\j2objc-annotations\1.1\j2objc-annotations-1.1.jar;C:\Users\Алексей\.m2\repository\org\codehaus\mojo\animal-sniffer-annotations\1.14\animal-sniffer-annotations-1.14.jar;C:\Users\Алексей\.m2\repository\com\squareup\okhttp3\okhttp\3.11.0\okhttp-3.11.0.jar;C:\Users\Алексей\.m2\repository\com\squareup\okio\okio\1.14.0\okio-1.14.0.jar;C:\Users\Алексей\.m2\repository\io\github\bonigarcia\webdrivermanager\4.4.3\webdrivermanager-4.4.3.jar;C:\Users\Алексей\.m2\repository\org\slf4j\slf4j-api\1.7.30\slf4j-api-1.7.30.jar;C:\Users\Алексей\.m2\repository\commons-io\commons-io\2.8.0\commons-io-2.8.0.jar;C:\Users\Алексей\.m2\repository\com\google\code\gson\gson\2.8.6\gson-2.8.6.jar;C:\Users\Алексей\.m2\repository\org\apache\commons\commons-lang3\3.12.0\commons-lang3-3.12.0.jar;C:\Users\Алексей\.m2\repository\org\apache\httpcomponents\client5\httpclient5\5.0.3\httpclient5-5.0.3.jar;C:\Users\Алексей\.m2\repository\org\apache\httpcomponents\core5\httpcore5\5.0.2\httpcore5-5.0.2.jar;C:\Users\Алексей\.m2\repository\org\apache\httpcomponents\core5\httpcore5-h2\5.0.2\httpcore5-h2-5.0.2.jar;C:\Users\Алексей\.m2\repository\commons-codec\commons-codec\1.13\commons-codec-1.13.jar;C:\Users\Алексей\.m2\repository\org\rauschig\jarchivelib\1.1.0\jarchivelib-1.1.0.jar;C:\Users\Алексей\.m2\repository\org\apache\commons\commons-compress\1.20\commons-compress-1.20.jar;C:\Users\Алексей\.m2\repository\org\jsoup\jsoup\1.13.1\jsoup-1.13.1.jar;C:\Users\Алексей\.m2\repository\junit\junit\4.13.2\junit-4.13.2.jar;C:\Users\Алексей\.m2\repository\org\testng\testng\7.5\testng-7.5.jar;C:\Users\Алексей\.m2\repository\com\google\code\findbugs\jsr305\3.0.1\jsr305-3.0.1.jar;C:\Users\Алексей\.m2\repository\com\beust\jcommander\1.78\jcommander-1.78.jar;C:\Users\Алексей\.m2\repository\org\webjars\jquery\3.5.1\jquery-3.5.1.jar;C:\Users\Алексей\.m2\repository\org\hamcrest\hamcrest-core\1.3\hamcrest-core-1.3.jar;"/>
    <property name="sun.cpu.endian" value="little"/>
    <property name="allure.results.directory" value="C:\Users\Public\Java\QADiplomChapterThree\Diplom_3\target/allure-results"/>
    <property name="user.home" value="C:\Users\Алексей"/>
    <property name="user.language" value="ru"/>
    <property name="java.specification.vendor" value="Oracle Corporation"/>
    <property name="java.version.date" value="2021-10-19"/>
    <property name="java.home" value="C:\Program Files\Amazon Corretto\jdk11.0.13_8"/>
    <property name="file.separator" value="\"/>
    <property name="basedir" value="C:\Users\Public\Java\QADiplomChapterThree\Diplom_3"/>
    <property name="java.vm.compressedOopsMode" value="32-bit"/>
    <property name="line.separator" value="&#10;"/>
    <property name="java.specification.name" value="Java Platform API Specification"/>
    <property name="java.vm.specification.vendor" value="Oracle Corporation"/>
    <property name="java.awt.graphicsenv" value="sun.awt.Win32GraphicsEnvironment"/>
    <property name="surefire.real.class.path" value="C:\Users\CD86~1\AppData\Local\Temp\surefire6140555032813407033\surefirebooter764272026461159739.jar"/>
    <property name="user.script" value=""/>
    <property name="sun.management.compiler" value="HotSpot 64-Bit Tiered Compilers"/>
    <property name="java.runtime.version" value="11.0.13+8-LTS"/>
    <property name="user.name" value="Алексей"/>
    <property name="path.separator" value=";"/>
    <property name="os.version" value="10.0"/>
    <property name="java.runtime.name" value="OpenJDK Runtime Environment"/>
    <property name="file.encoding" value="Cp1251"/>
    <property name="java.vm.name" value="OpenJDK 64-Bit Server VM"/>
    <property name="java.vendor.version" value="Corretto-11.0.13.8.1"/>
    <property name="localRepository" value="C:\Users\Алексей\.m2\repository"/>
    <property name="java.vendor.url.bug" value="https://github.com/corretto/corretto-11/issues/"/>
    <property name="java.io.tmpdir" value="C:\Users\CD86~1\AppData\Local\Temp\"/>
    <property name="idea.version" value="2022.1.4"/>
    <property name="java.version" value="11.0.13"/>
    <property name="user.dir" value="C:\Users\Public\Java\QADiplomChapterThree\Diplom_3"/>
    <property name="os.arch" value="amd64"/>
    <property name="java.vm.specification.name" value="Java Virtual Machine Specification"/>
    <property name="java.awt.printerjob" value="sun.awt.windows.WPrinterJob"/>
    <property name="sun.os.patch.level" value=""/>
    <property name="java.library.path" value="C:\Program Files\Amazon Corretto\jdk11.0.13_8\bin;C:\WINDOWS\Sun\Java\bin;C:\WINDOWS\system32;C:\WINDOWS;C:\Program Files\Amazon Corretto\jdk11.0.13_8\bin;C:\WINDOWS\system32;C:\WINDOWS;C:\WINDOWS\System32\Wbem;C:\WINDOWS\System32\WindowsPowerShell\v1.0\;C:\WINDOWS\System32\OpenSSH\;C:\Program Files\Git\cmd;c:\Users\Алексей\Драйвера и образы\apache-maven-3.8.6-bin\apache-maven-3.8.6\bin\;c:\Users\Алексей\Java\allure-commandline-2.20.1\allure-2.20.1\bin;C:\Program Files\Docker\Docker\resources\bin;c:\Webdriver\bin;C:\Users\Алексей\AppData\Local\Microsoft\WindowsApps;C:\Users\Алексей\AppData\Local\Programs\Microsoft VS Code\bin;c:\Users\Алексей\Java\allure-commandline-2.20.1\allure-2.20.1\bin;c:\Webdriver\bin;;."/>
    <property name="java.vm.info" value="mixed mode"/>
    <property name="java.vendor" value="Amazon.com Inc."/>
    <property name="java.vm.version" value="11.0.13+8-LTS"/>
    <property name="sun.io.unicode.encoding" value="UnicodeLittle"/>
    <property name="java.class.version" value="55.0"/>
  </properties>
  <testcase name="logInAcrossPersonalAccountTest[0] on logInAcrossPersonalAccountTest[0](ru.yandex.praktikum.LogInTest)" classname="ru.yandex.praktikum.LogInTest" time="25.749"/>
  <testcase name="logInAcrossButtonOnMainTest[0] on logInAcrossButtonOnMainTest[0](ru.yandex.praktikum.LogInTest)" classname="ru.yandex.praktikum.LogInTest" time="14.243"/>
  <testcase name="logInAcrossFormReanimatePasswordTest[0] on logInAcrossFormReanimatePasswordTest[0](ru.yandex.praktikum.LogInTest)" classname="ru.yandex.praktikum.LogInTest" time="15.667"/>
  <testcase name="logOutTest[0] on logOutTest[0](ru.yandex.praktikum.LogInTest)" classname="ru.yandex.praktikum.LogInTest" time="16.052"/>
  <testcase name="logInAcrossFormRegistrationTest[0] on logInAcrossFormRegistrationTest[0](ru.yandex.praktikum.LogInTest)" classname="ru.yandex.praktikum.LogInTest" time="9.299"/>
  <testcase name="logInAcrossPersonalAccountTest[1] on logInAcrossPersonalAccountTest[1](ru.yandex.praktikum.LogInTest)" classname="ru.yandex.praktikum.LogInTest" time="22.834"/>
  <testcase name="logInAcrossButtonOnMainTest[1] on logInAcrossButtonOnMainTest[1](ru.yandex.praktikum.LogInTest)" classname="ru.yandex.praktikum.LogInTest" time="28.549"/>
  <testcase name="logInAcrossFormReanimatePasswordTest[1] on logInAcrossFormReanimatePasswordTest[1](ru.yandex.praktikum.LogInTest)" classname="ru.yandex.praktikum.LogInTest" time="12.178"/>
  <testcase name="logOutTest[1] on logOutTest[1](ru.yandex.praktikum.LogInTest)" classname="ru.yandex.praktikum.LogInTest" time="16.733"/>
  <testcase name="logInAcrossFormRegistrationTest[1] on logInAcrossFormRegistrationTest[1](ru.yandex.praktikum.LogInTest)" classname="ru.yandex.praktikum.LogInTest" time="19.633"/>
  <testcase name="registrationWithCorrectPasswordTest[0] on registrationWithCorrectPasswordTest[0](ru.yandex.praktikum.RegistrationTest)" classname="ru.yandex.praktikum.RegistrationTest" time="16.764"/>
  <testcase name="registrationWithIncorrectPasswordTest[0] on registrationWithIncorrectPasswordTest[0](ru.yandex.praktikum.RegistrationTest)" classname="ru.yandex.praktikum.RegistrationTest" time="13.495"/>
  <testcase name="registrationWithExistUserTest[0] on registrationWithExistUserTest[0](ru.yandex.praktikum.RegistrationTest)" classname="ru.yandex.praktikum.RegistrationTest" time="11.636"/>
  <testcase name="registrationWithCorrectPasswordTest[1] on registrationWithCorrectPasswordTest[1](ru.yandex.praktikum.RegistrationTest)" classname="ru.yandex.praktikum.RegistrationTest" time="11.301"/>
  <testcase name="registrationWithIncorrectPasswordTest[1] on registrationWithIncorrectPasswordTest[1](ru.yandex.praktikum.RegistrationTest)" classname="ru.yandex.praktikum.RegistrationTest" time="14.621"/>
  <testcase name="registrationWithExistUserTest[1] on registrationWithExistUserTest[1](ru.yandex.praktikum.RegistrationTest)" classname="ru.yandex.praktikum.RegistrationTest" time="13.028"/>
  <testcase name="TransitionInFillingsTest[0] on TransitionInFillingsTest[0](ru.yandex.praktikum.TransitionTest)" classname="ru.yandex.praktikum.TransitionTest" time="9.25"/>
  <testcase name="logInTransitionInMainPageAcrossConstructorTest[0] on logInTransitionInMainPageAcrossConstructorTest[0](ru.yandex.praktikum.TransitionTest)" classname="ru.yandex.praktikum.TransitionTest" time="14.014"/>
  <testcase name="logInTransitionInMainPageAcrossLogoTipTest[0] on logInTransitionInMainPageAcrossLogoTipTest[0](ru.yandex.praktikum.TransitionTest)" classname="ru.yandex.praktikum.TransitionTest" time="9.924"/>
  <testcase name="logInTransitionInPersonalAccountTest[0] on logInTransitionInPersonalAccountTest[0](ru.yandex.praktikum.TransitionTest)" classname="ru.yandex.praktikum.TransitionTest" time="9.125"/>
  <testcase name="TransitionInSousTest[0] on TransitionInSousTest[0](ru.yandex.praktikum.TransitionTest)" classname="ru.yandex.praktikum.TransitionTest" time="8.752"/>
  <testcase name="TransitionInBulkTest[0] on TransitionInBulkTest[0](ru.yandex.praktikum.TransitionTest)" classname="ru.yandex.praktikum.TransitionTest" time="10.518"/>
  <testcase name="TransitionInFillingsTest[1] on TransitionInFillingsTest[1](ru.yandex.praktikum.TransitionTest)" classname="ru.yandex.praktikum.TransitionTest" time="8.42"/>
  <testcase name="logInTransitionInMainPageAcrossConstructorTest[1] on logInTransitionInMainPageAcrossConstructorTest[1](ru.yandex.praktikum.TransitionTest)" classname="ru.yandex.praktikum.TransitionTest" time="9.131"/>
  <testcase name="logInTransitionInMainPageAcrossLogoTipTest[1] on logInTransitionInMainPageAcrossLogoTipTest[1](ru.yandex.praktikum.TransitionTest)" classname="ru.yandex.praktikum.TransitionTest" time="8.677"/>
  <testcase name="logInTransitionInPersonalAccountTest[1] on logInTransitionInPersonalAccountTest[1](ru.yandex.praktikum.TransitionTest)" classname="ru.yandex.praktikum.TransitionTest" time="9.549"/>
  <testcase name="TransitionInSousTest[1] on TransitionInSousTest[1](ru.yandex.praktikum.TransitionTest)" classname="ru.yandex.praktikum.TransitionTest" time="9.761"/>
  <testcase name="TransitionInBulkTest[1] on TransitionInBulkTest[1](ru.yandex.praktikum.TransitionTest)" classname="ru.yandex.praktikum.TransitionTest" time="13.226"/>
</testsuite>