<?xml version="1.0" encoding="UTF-8"?>
<!-- Generated by org.testng.reporters.JUnitReportReporter -->
<testsuite hostname="Popsinator" failures="0" tests="12" name="ru.yandex.praktikum.TransitionTest" time="782.492" errors="0" timestamp="2022-12-15T15:09:33 MSK" skipped="0">
  <testcase classname="ru.yandex.praktikum.TransitionTest" name="logInTransitionInPersonalAccountTest[0]" time="42.316"/>
  <system-out/>
  <testcase classname="ru.yandex.praktikum.TransitionTest" name="logInTransitionInMainPageAcrossConstructorTest[1]" time="79.139"/>
  <system-out/>
  <testcase classname="ru.yandex.praktikum.TransitionTest" name="TransitionInBulkTest[1]" time="120.350"/>
  <system-out/>
  <testcase classname="ru.yandex.praktikum.TransitionTest" name="TransitionInFillingsTest[1]" time="70.008"/>
  <system-out/>
  <testcase classname="ru.yandex.praktikum.TransitionTest" name="logInTransitionInPersonalAccountTest[1]" time="97.365"/>
  <system-out/>
  <testcase classname="ru.yandex.praktikum.TransitionTest" name="TransitionInBulkTest[0]" time="61.587"/>
  <system-out/>
  <testcase classname="ru.yandex.praktikum.TransitionTest" name="TransitionInSousTest[0]" time="51.070"/>
  <system-out/>
  <testcase classname="ru.yandex.praktikum.TransitionTest" name="TransitionInSousTest[1]" time="107.127"/>
  <system-out/>
  <testcase classname="ru.yandex.praktikum.TransitionTest" name="logInTransitionInMainPageAcrossConstructorTest[0]" time="23.267"/>
  <system-out/>
  <testcase classname="ru.yandex.praktikum.TransitionTest" name="logInTransitionInMainPageAcrossLogoTipTest[1]" time="87.817"/>
  <system-out/>
  <testcase classname="ru.yandex.praktikum.TransitionTest" name="TransitionInFillingsTest[0]" time="9.255"/>
  <system-out/>
  <testcase classname="ru.yandex.praktikum.TransitionTest" name="logInTransitionInMainPageAcrossLogoTipTest[0]" time="33.191"/>
  <system-out/>
</testsuite> <!-- ru.yandex.praktikum.TransitionTest -->
