<?xml version="1.0" encoding="UTF-8"?>
<!-- Generated by org.testng.reporters.JUnitReportReporter -->
<testsuite hostname="Popsinator" failures="0" tests="10" name="ru.yandex.praktikum.LogInTest" time="998.046" errors="0" timestamp="2022-12-15T15:09:33 MSK" skipped="0">
  <testcase classname="ru.yandex.praktikum.LogInTest" name="logInAcrossButtonOnMainTest[1]" time="132.551"/>
  <system-out/>
  <testcase classname="ru.yandex.praktikum.LogInTest" name="logInAcrossFormRegistrationTest[1]" time="181.099"/>
  <system-out/>
  <testcase classname="ru.yandex.praktikum.LogInTest" name="logInAcrossFormReanimatePasswordTest[1]" time="144.729"/>
  <system-out/>
  <testcase classname="ru.yandex.praktikum.LogInTest" name="logInAcrossFormReanimatePasswordTest[0]" time="55.785"/>
  <system-out/>
  <testcase classname="ru.yandex.praktikum.LogInTest" name="logInAcrossPersonalAccountTest[0]" time="25.321"/>
  <system-out/>
  <testcase classname="ru.yandex.praktikum.LogInTest" name="logInAcrossButtonOnMainTest[0]" time="40.115"/>
  <system-out/>
  <testcase classname="ru.yandex.praktikum.LogInTest" name="logInAcrossPersonalAccountTest[1]" time="104.003"/>
  <system-out/>
  <testcase classname="ru.yandex.praktikum.LogInTest" name="logInAcrossFormRegistrationTest[0]" time="81.140"/>
  <system-out/>
  <testcase classname="ru.yandex.praktikum.LogInTest" name="logOutTest[1]" time="161.464"/>
  <system-out/>
  <testcase classname="ru.yandex.praktikum.LogInTest" name="logOutTest[0]" time="71.839"/>
  <system-out/>
</testsuite> <!-- ru.yandex.praktikum.LogInTest -->
