<?xml version="1.0" encoding="UTF-8"?>
<!-- Generated by org.testng.reporters.JUnitReportReporter -->
<testsuite hostname="Popsinator" failures="0" tests="6" name="ru.yandex.praktikum.RegistrationTest" time="290.774" errors="0" timestamp="2022-12-15T15:09:33 MSK" skipped="0">
  <testcase classname="ru.yandex.praktikum.RegistrationTest" name="registrationWithExistUserTest[0]" time="41.895"/>
  <system-out/>
  <testcase classname="ru.yandex.praktikum.RegistrationTest" name="registrationWithExistUserTest[1]" time="80.844"/>
  <system-out/>
  <testcase classname="ru.yandex.praktikum.RegistrationTest" name="registrationWithCorrectPasswordTest[1]" time="53.196"/>
  <system-out/>
  <testcase classname="ru.yandex.praktikum.RegistrationTest" name="registrationWithCorrectPasswordTest[0]" time="16.764"/>
  <system-out/>
  <testcase classname="ru.yandex.praktikum.RegistrationTest" name="registrationWithIncorrectPasswordTest[0]" time="30.258"/>
  <system-out/>
  <testcase classname="ru.yandex.praktikum.RegistrationTest" name="registrationWithIncorrectPasswordTest[1]" time="67.817"/>
  <system-out/>
</testsuite> <!-- ru.yandex.praktikum.RegistrationTest -->
